2025-08-07 00:56:15,637 - album.py:93 - INFO: sart_time: 1754409600, end_time: 1754496000
2025-08-07 00:56:18,104 - album.py:101 - INFO: Request URL: https://login.sina.com.cn/sso/login.php?url=https%3A%2F%2Fphoto.weibo.com%2Fphotos%2Fget_all%3Fuid%3D3186116445%26count%3D30%26page%3D1%26type%3D3&_rand=1754528177.1009&gateway=1&service=vphoto&entry=vphoto&useticket=0&returntype=META&sudaref=&_client_version=0.6.33
2025-08-07 00:56:18,104 - album.py:102 - INFO: Response Text: 		<html>		<head>		<title>ÐÂÀËÍ¨ÐÐÖ¤</title>		<meta http-equiv="refresh" content="0; url=&#39;https://photo.weibo.com/photos/get_all?uid=3186116445&count=30&page=1&type=3&display=0&retcode=6102&#39;"/>		<meta http-equiv="Content-Type" content="text/html; charset=GBK" />		</head>		<body bgcolor="#ffffff" text="#000000" link="#0000cc" vlink="#551a8b" alink="#ff0000">		<script type="text/javascript" language="javascript">		location.replace("https://photo.weibo.com/photos/get_all?uid=3186116445&count=30&page=1&type=3&display=0&retcode=6102");		</script>		</body>		</html>
2025-08-07 00:56:18,104 - album.py:110 - ERROR: JSON decode failed: Expecting value: line 2 column 3 (char 3)
2025-08-07 00:56:18,105 - album.py:152 - WARNING: range: 2025-08-06 00:00:00 - 2025-08-07 00:00:00, 3186116445 empty!
2025-08-07 00:56:18,105 - album.py:93 - INFO: sart_time: 1754409600, end_time: 1754496000
2025-08-07 00:56:19,687 - album.py:101 - INFO: Request URL: https://login.sina.com.cn/sso/login.php?url=https%3A%2F%2Fphoto.weibo.com%2Fphotos%2Fget_all%3Fuid%3D1749139802%26count%3D30%26page%3D1%26type%3D3&_rand=1754528178.8779&gateway=1&service=vphoto&entry=vphoto&useticket=0&returntype=META&sudaref=&_client_version=0.6.33
2025-08-07 00:56:19,687 - album.py:102 - INFO: Response Text: 		<html>		<head>		<title>ÐÂÀËÍ¨ÐÐÖ¤</title>		<meta http-equiv="refresh" content="0; url=&#39;https://photo.weibo.com/photos/get_all?uid=1749139802&count=30&page=1&type=3&display=0&retcode=6102&#39;"/>		<meta http-equiv="Content-Type" content="text/html; charset=GBK" />		</head>		<body bgcolor="#ffffff" text="#000000" link="#0000cc" vlink="#551a8b" alink="#ff0000">		<script type="text/javascript" language="javascript">		location.replace("https://photo.weibo.com/photos/get_all?uid=1749139802&count=30&page=1&type=3&display=0&retcode=6102");		</script>		</body>		</html>
2025-08-07 00:56:19,687 - album.py:110 - ERROR: JSON decode failed: Expecting value: line 2 column 3 (char 3)
2025-08-07 00:56:19,688 - album.py:152 - WARNING: range: 2025-08-06 00:00:00 - 2025-08-07 00:00:00, 1749139802 empty!
2025-08-07 00:56:19,688 - album.py:93 - INFO: sart_time: 1754409600, end_time: 1754496000
2025-08-07 00:56:21,223 - album.py:101 - INFO: Request URL: https://login.sina.com.cn/sso/login.php?url=https%3A%2F%2Fphoto.weibo.com%2Fphotos%2Fget_all%3Fuid%3D1669879400%26count%3D30%26page%3D1%26type%3D3&_rand=1754528180.423&gateway=1&service=vphoto&entry=vphoto&useticket=0&returntype=META&sudaref=&_client_version=0.6.33
2025-08-07 00:56:21,223 - album.py:102 - INFO: Response Text: 		<html>		<head>		<title>ÐÂÀËÍ¨ÐÐÖ¤</title>		<meta http-equiv="refresh" content="0; url=&#39;https://photo.weibo.com/photos/get_all?uid=1669879400&count=30&page=1&type=3&display=0&retcode=6102&#39;"/>		<meta http-equiv="Content-Type" content="text/html; charset=GBK" />		</head>		<body bgcolor="#ffffff" text="#000000" link="#0000cc" vlink="#551a8b" alink="#ff0000">		<script type="text/javascript" language="javascript">		location.replace("https://photo.weibo.com/photos/get_all?uid=1669879400&count=30&page=1&type=3&display=0&retcode=6102");		</script>		</body>		</html>
2025-08-07 00:56:21,224 - album.py:110 - ERROR: JSON decode failed: Expecting value: line 2 column 3 (char 3)
2025-08-07 00:56:21,224 - album.py:152 - WARNING: range: 2025-08-06 00:00:00 - 2025-08-07 00:00:00, 1669879400 empty!
2025-08-07 00:56:21,224 - album.py:93 - INFO: sart_time: 1754409600, end_time: 1754496000
2025-08-07 00:56:23,087 - album.py:101 - INFO: Request URL: https://login.sina.com.cn/sso/login.php?url=https%3A%2F%2Fphoto.weibo.com%2Fphotos%2Fget_all%3Fuid%3D3261134763%26count%3D30%26page%3D1%26type%3D3&_rand=1754528182.2851&gateway=1&service=vphoto&entry=vphoto&useticket=0&returntype=META&sudaref=&_client_version=0.6.33
2025-08-07 00:56:23,087 - album.py:102 - INFO: Response Text: 		<html>		<head>		<title>ÐÂÀËÍ¨ÐÐÖ¤</title>		<meta http-equiv="refresh" content="0; url=&#39;https://photo.weibo.com/photos/get_all?uid=3261134763&count=30&page=1&type=3&display=0&retcode=6102&#39;"/>		<meta http-equiv="Content-Type" content="text/html; charset=GBK" />		</head>		<body bgcolor="#ffffff" text="#000000" link="#0000cc" vlink="#551a8b" alink="#ff0000">		<script type="text/javascript" language="javascript">		location.replace("https://photo.weibo.com/photos/get_all?uid=3261134763&count=30&page=1&type=3&display=0&retcode=6102");		</script>		</body>		</html>
2025-08-07 00:56:23,087 - album.py:110 - ERROR: JSON decode failed: Expecting value: line 2 column 3 (char 3)
2025-08-07 00:56:23,088 - album.py:152 - WARNING: range: 2025-08-06 00:00:00 - 2025-08-07 00:00:00, 3261134763 empty!
2025-08-07 00:56:23,088 - album.py:93 - INFO: sart_time: 1754409600, end_time: 1754496000
2025-08-07 00:56:24,879 - album.py:101 - INFO: Request URL: https://login.sina.com.cn/sso/login.php?url=https%3A%2F%2Fphoto.weibo.com%2Fphotos%2Fget_all%3Fuid%3D1676082433%26count%3D30%26page%3D1%26type%3D3&_rand=1754528184.0785&gateway=1&service=vphoto&entry=vphoto&useticket=0&returntype=META&sudaref=&_client_version=0.6.33
2025-08-07 00:56:24,879 - album.py:102 - INFO: Response Text: 		<html>		<head>		<title>ÐÂÀËÍ¨ÐÐÖ¤</title>		<meta http-equiv="refresh" content="0; url=&#39;https://photo.weibo.com/photos/get_all?uid=1676082433&count=30&page=1&type=3&display=0&retcode=6102&#39;"/>		<meta http-equiv="Content-Type" content="text/html; charset=GBK" />		</head>		<body bgcolor="#ffffff" text="#000000" link="#0000cc" vlink="#551a8b" alink="#ff0000">		<script type="text/javascript" language="javascript">		location.replace("https://photo.weibo.com/photos/get_all?uid=1676082433&count=30&page=1&type=3&display=0&retcode=6102");		</script>		</body>		</html>
2025-08-07 00:56:24,879 - album.py:110 - ERROR: JSON decode failed: Expecting value: line 2 column 3 (char 3)
2025-08-07 00:56:24,880 - album.py:152 - WARNING: range: 2025-08-06 00:00:00 - 2025-08-07 00:00:00, 1676082433 empty!
2025-08-07 00:56:24,880 - album.py:93 - INFO: sart_time: 1754409600, end_time: 1754496000
2025-08-07 00:56:26,719 - album.py:101 - INFO: Request URL: https://login.sina.com.cn/sso/login.php?url=https%3A%2F%2Fphoto.weibo.com%2Fphotos%2Fget_all%3Fuid%3D2632260340%26count%3D30%26page%3D1%26type%3D3&_rand=1754528185.915&gateway=1&service=vphoto&entry=vphoto&useticket=0&returntype=META&sudaref=&_client_version=0.6.33
2025-08-07 00:56:26,719 - album.py:102 - INFO: Response Text: 		<html>		<head>		<title>ÐÂÀËÍ¨ÐÐÖ¤</title>		<meta http-equiv="refresh" content="0; url=&#39;https://photo.weibo.com/photos/get_all?uid=2632260340&count=30&page=1&type=3&display=0&retcode=6102&#39;"/>		<meta http-equiv="Content-Type" content="text/html; charset=GBK" />		</head>		<body bgcolor="#ffffff" text="#000000" link="#0000cc" vlink="#551a8b" alink="#ff0000">		<script type="text/javascript" language="javascript">		location.replace("https://photo.weibo.com/photos/get_all?uid=2632260340&count=30&page=1&type=3&display=0&retcode=6102");		</script>		</body>		</html>
2025-08-07 00:56:26,719 - album.py:110 - ERROR: JSON decode failed: Expecting value: line 2 column 3 (char 3)
2025-08-07 00:56:26,720 - album.py:152 - WARNING: range: 2025-08-06 00:00:00 - 2025-08-07 00:00:00, 2632260340 empty!
2025-08-07 00:56:26,720 - album.py:93 - INFO: sart_time: 1754409600, end_time: 1754496000
2025-08-07 00:56:28,578 - album.py:101 - INFO: Request URL: https://login.sina.com.cn/sso/login.php?url=https%3A%2F%2Fphoto.weibo.com%2Fphotos%2Fget_all%3Fuid%3D5553432114%26count%3D30%26page%3D1%26type%3D3&_rand=1754528187.7821&gateway=1&service=vphoto&entry=vphoto&useticket=0&returntype=META&sudaref=&_client_version=0.6.33
2025-08-07 00:56:28,579 - album.py:102 - INFO: Response Text: 		<html>		<head>		<title>ÐÂÀËÍ¨ÐÐÖ¤</title>		<meta http-equiv="refresh" content="0; url=&#39;https://photo.weibo.com/photos/get_all?uid=5553432114&count=30&page=1&type=3&display=0&retcode=6102&#39;"/>		<meta http-equiv="Content-Type" content="text/html; charset=GBK" />		</head>		<body bgcolor="#ffffff" text="#000000" link="#0000cc" vlink="#551a8b" alink="#ff0000">		<script type="text/javascript" language="javascript">		location.replace("https://photo.weibo.com/photos/get_all?uid=5553432114&count=30&page=1&type=3&display=0&retcode=6102");		</script>		</body>		</html>
2025-08-07 00:56:28,579 - album.py:110 - ERROR: JSON decode failed: Expecting value: line 2 column 3 (char 3)
2025-08-07 00:56:28,579 - album.py:152 - WARNING: range: 2025-08-06 00:00:00 - 2025-08-07 00:00:00, 5553432114 empty!
